app/build/intermediates/manifest_merge_blame_file/debug/manifest-merger-blame-debug-report.txt
1<?xml version="1.0" encoding="utf-8"?>
2<manifest xmlns:android="http://schemas.android.com/apk/res/android"
3    package="com.yifeng.mdstudysamples"
4    android:versionCode="1"
5    android:versionName="1.0" >
6
7    <uses-sdk
8        android:minSdkVersion="14"
8-->src\main\AndroidManifest.xml
9        android:targetSdkVersion="23" />
9-->src\main\AndroidManifest.xml
10
11    <meta-data
11-->[com.android.support:palette-v7:25.3.0] AndroidManifest.xml:22:5-24:34
12        android:name="android.support.VERSION"
12-->[com.android.support:palette-v7:25.3.0] AndroidManifest.xml:23:9-47
13        android:value="25.3.0" />
13-->[com.android.support:palette-v7:25.3.0] AndroidManifest.xml:24:9-31
14
15    <application
15-->src\main\AndroidManifest.xml:5:5-92:19
16        android:allowBackup="true"
16-->src\main\AndroidManifest.xml:6:9-35
17        android:debuggable="true"
18        android:icon="@mipmap/ic_launcher"
18-->src\main\AndroidManifest.xml:7:9-43
19        android:label="@string/app_name"
19-->src\main\AndroidManifest.xml:8:9-41
20        android:supportsRtl="true"
20-->src\main\AndroidManifest.xml:9:9-35
21        android:theme="@style/Base.AppTheme" >
21-->src\main\AndroidManifest.xml:10:9-45
22        <activity
22-->src\main\AndroidManifest.xml:12:9-20:20
23            android:name="com.yifeng.mdstudysamples.activity.MainActivity"
23-->src\main\AndroidManifest.xml:13:13-50
24            android:screenOrientation="portrait" >
24-->src\main\AndroidManifest.xml:14:13-49
25            <intent-filter>
25-->src\main\AndroidManifest.xml:15:13-19:29
26                <action android:name="android.intent.action.MAIN" />
26-->src\main\AndroidManifest.xml:16:17-69
26-->src\main\AndroidManifest.xml:16:25-66
27
28                <category android:name="android.intent.category.LAUNCHER" />
28-->src\main\AndroidManifest.xml:18:17-77
28-->src\main\AndroidManifest.xml:18:27-74
29            </intent-filter>
30        </activity>
31        <activity
31-->src\main\AndroidManifest.xml:22:9-25:51
32            android:name="com.yifeng.mdstudysamples.activity.TabLayoutTopActivity"
32-->src\main\AndroidManifest.xml:23:13-58
33            android:label="TabLayoutSamples"
33-->src\main\AndroidManifest.xml:24:13-45
34            android:screenOrientation="portrait" />
34-->src\main\AndroidManifest.xml:25:13-49
35        <activity
35-->src\main\AndroidManifest.xml:27:9-30:51
36            android:name="com.yifeng.mdstudysamples.activity.TabLayoutBottomActivity"
36-->src\main\AndroidManifest.xml:28:13-61
37            android:label="TabLayoutSamples"
37-->src\main\AndroidManifest.xml:29:13-45
38            android:screenOrientation="portrait" />
38-->src\main\AndroidManifest.xml:30:13-49
39        <activity
39-->src\main\AndroidManifest.xml:32:9-35:51
40            android:name="com.yifeng.mdstudysamples.activity.SnackbarActivity"
40-->src\main\AndroidManifest.xml:33:13-54
41            android:label="SnackbarSamples"
41-->src\main\AndroidManifest.xml:34:13-44
42            android:screenOrientation="portrait" />
42-->src\main\AndroidManifest.xml:35:13-49
43        <activity
43-->src\main\AndroidManifest.xml:37:9-40:51
44            android:name="com.yifeng.mdstudysamples.activity.FabActivity"
44-->src\main\AndroidManifest.xml:38:13-49
45            android:label="SnackbarSamples"
45-->src\main\AndroidManifest.xml:39:13-44
46            android:screenOrientation="portrait" />
46-->src\main\AndroidManifest.xml:40:13-49
47        <activity
47-->src\main\AndroidManifest.xml:42:9-45:51
48            android:name="com.yifeng.mdstudysamples.activity.PaletteDetailActivity"
48-->src\main\AndroidManifest.xml:43:13-59
49            android:label="SnackbarSamples"
49-->src\main\AndroidManifest.xml:44:13-44
50            android:screenOrientation="portrait" />
50-->src\main\AndroidManifest.xml:45:13-49
51        <activity
51-->src\main\AndroidManifest.xml:47:9-51:46
52            android:name="com.yifeng.mdstudysamples.activity.AppBarLayoutActivity"
52-->src\main\AndroidManifest.xml:48:13-58
53            android:label="SnackbarSamples"
53-->src\main\AndroidManifest.xml:49:13-44
54            android:screenOrientation="portrait"
54-->src\main\AndroidManifest.xml:50:13-49
55            android:theme="@style/AppTheme" />
55-->src\main\AndroidManifest.xml:51:13-44
56        <activity
56-->src\main\AndroidManifest.xml:53:9-56:51
57            android:name="com.yifeng.mdstudysamples.activity.BehaviorNestedActivity"
57-->src\main\AndroidManifest.xml:54:13-60
58            android:label="SnackbarSamples"
58-->src\main\AndroidManifest.xml:55:13-44
59            android:screenOrientation="portrait" />
59-->src\main\AndroidManifest.xml:56:13-49
60        <activity
60-->src\main\AndroidManifest.xml:58:9-61:51
61            android:name="com.yifeng.mdstudysamples.activity.BehaviorDependentActivity"
61-->src\main\AndroidManifest.xml:59:13-63
62            android:label="SnackbarSamples"
62-->src\main\AndroidManifest.xml:60:13-44
63            android:screenOrientation="portrait" />
63-->src\main\AndroidManifest.xml:61:13-49
64        <activity
64-->src\main\AndroidManifest.xml:63:9-66:51
65            android:name="com.yifeng.mdstudysamples.activity.BehaviorNestedExpandActivity"
65-->src\main\AndroidManifest.xml:64:13-66
66            android:label="SnackbarSamples"
66-->src\main\AndroidManifest.xml:65:13-44
67            android:screenOrientation="portrait" />
67-->src\main\AndroidManifest.xml:66:13-49
68        <activity
68-->src\main\AndroidManifest.xml:68:9-71:56
69            android:name="com.yifeng.mdstudysamples.activity.TextInputActivity"
69-->src\main\AndroidManifest.xml:69:13-55
70            android:label="TextInputLayout"
70-->src\main\AndroidManifest.xml:70:13-44
71            android:windowSoftInputMode="stateHidden" />
71-->src\main\AndroidManifest.xml:71:13-54
72        <activity
72-->src\main\AndroidManifest.xml:73:9-76:56
73            android:name="com.yifeng.mdstudysamples.activity.BottomNavigationActivity"
73-->src\main\AndroidManifest.xml:74:13-62
74            android:label="BottomNavigation"
74-->src\main\AndroidManifest.xml:75:13-45
75            android:windowSoftInputMode="stateHidden" />
75-->src\main\AndroidManifest.xml:76:13-54
76        <activity
76-->src\main\AndroidManifest.xml:78:9-90:20
77            android:name="com.yifeng.mdstudysamples.activity.SearchResultActivity"
77-->src\main\AndroidManifest.xml:79:13-58
78            android:label="@string/search_result"
78-->src\main\AndroidManifest.xml:80:13-50
79            android:screenOrientation="portrait" >
79-->src\main\AndroidManifest.xml:81:13-49
80            <intent-filter>
80-->src\main\AndroidManifest.xml:83:13-85:29
81                <action android:name="android.intent.action.SEARCH" />
81-->src\main\AndroidManifest.xml:84:17-71
81-->src\main\AndroidManifest.xml:84:25-68
82            </intent-filter>
83
84            <meta-data
84-->src\main\AndroidManifest.xml:86:13-88:53
85                android:name="android.app.searchable"
85-->src\main\AndroidManifest.xml:87:17-54
86                android:resource="@xml/searchable" />
86-->src\main\AndroidManifest.xml:88:17-51
87        </activity>
88    </application>
89
90</manifest>